<?xml version="1.0" encoding="UTF-8"?>
<!-- Generated by org.testng.reporters.JUnitXMLReporter -->
<testsuite ignored="0" hostname="LAPTOP-I8JHACA3" failures="0" tests="1" name="MacTest" time="0.007" errors="0" timestamp="2022-06-05T12:04:05 IST">
  <testcase classname="testNG.SessionCross" name="@BeforeTest setup" time="0.0">
    <failure type="java.lang.Exception" message="Browser not Found">
      <![CDATA[java.lang.Exception: Browser not Found
at testNG.SessionCross.setup(SessionCross.java:44)
... Removed 24 stack frames]]>
    </failure>
  </testcase> <!-- @BeforeTest setup -->
  <testcase classname="testNG.SessionCross" name="testParam" time="0.0">
    <skipped/>
  </testcase> <!-- testParam -->
</testsuite> <!-- MacTest -->
